Using pre-set license
Built from '2020.3/staging' branch; Version is '2020.3.21f1 (a38c86f6690f) revision 10718342'; Using compiler version '192528614'; Build Type 'Release'
OS: 'Windows 10 Home; OS build 19043.1466; Version 2009; 64bit' Language: 'en' Physical Memory: 16344 MB
BatchMode: 1, IsHumanControllingUs: 0, StartBugReporterOnCrash: 0, Is64bit: 1, IsPro: 0

COMMAND LINE ARGUMENTS:
C:\Program Files\Unity\Hub\Editor\2020.3.21f1\Editor\Unity.exe
-adb2
-batchMode
-noUpm
-name
AssetImportWorker0
-projectPath
D:/Programming/Repositories/AR-Assessment/AR-Assessmnt
-logFile
Logs/AssetImportWorker0.log
-srvPort
62834
Successfully changed project path to: D:/Programming/Repositories/AR-Assessment/AR-Assessmnt
D:/Programming/Repositories/AR-Assessment/AR-Assessmnt
Using Asset Import Pipeline V2.
Refreshing native plugins compatible for Editor in 74.82 ms, found 2 plugins.
Preloading 0 native plugins for Editor in 0.00 ms.
Initialize engine version: 2020.3.21f1 (a38c86f6690f)
[Subsystems] Discovering subsystems at path C:/Program Files/Unity/Hub/Editor/2020.3.21f1/Editor/Data/Resources/UnitySubsystems
[Subsystems] Discovering subsystems at path D:/Programming/Repositories/AR-Assessment/AR-Assessmnt/Assets
GfxDevice: creating device client; threaded=0
Direct3D:
    Version:  Direct3D 11.0 [level 11.1]
    Renderer: NVIDIA GeForce GTX 1070 (ID=0x1b81)
    Vendor:   
    VRAM:     8088 MB
    Driver:   27.21.14.6089
Initialize mono
Mono path[0] = 'C:/Program Files/Unity/Hub/Editor/2020.3.21f1/Editor/Data/Managed'
Mono path[1] = 'C:/Program Files/Unity/Hub/Editor/2020.3.21f1/Editor/Data/MonoBleedingEdge/lib/mono/unityjit'
Mono config path = 'C:/Program Files/Unity/Hub/Editor/2020.3.21f1/Editor/Data/MonoBleedingEdge/etc'
Using monoOptions --debugger-agent=transport=dt_socket,embedding=1,server=y,suspend=n,address=127.0.0.1:56948
Begin MonoManager ReloadAssembly
Registering precompiled unity dll's ...
Register platform support module: C:/Program Files/Unity/Hub/Editor/2020.3.21f1/Editor/Data/PlaybackEngines/WindowsStandaloneSupport/UnityEditor.WindowsStandalone.Extensions.dll
Registered in 0.002471 seconds.
Native extension for WindowsStandalone target not found
Refreshing native plugins compatible for Editor in 61.04 ms, found 2 plugins.
Preloading 0 native plugins for Editor in 0.00 ms.
Mono: successfully reloaded assembly
- Completed reload, in  2.032 seconds
Domain Reload Profiling:
	ReloadAssembly (2032ms)
		BeginReloadAssembly (76ms)
			ExecutionOrderSort (0ms)
			DisableScriptedObjects (0ms)
			BackupInstance (0ms)
			ReleaseScriptingObjects (0ms)
			CreateAndSetChildDomain (1ms)
		EndReloadAssembly (560ms)
			LoadAssemblies (73ms)
			RebuildTransferFunctionScriptingTraits (0ms)
			SetupTypeCache (204ms)
			ReleaseScriptCaches (0ms)
			RebuildScriptCaches (33ms)
			SetupLoadedEditorAssemblies (203ms)
				LogAssemblyErrors (0ms)
				InitializePlatformSupportModulesInManaged (6ms)
				SetLoadedEditorAssemblies (0ms)
				RefreshPlugins (61ms)
				BeforeProcessingInitializeOnLoad (13ms)
				ProcessInitializeOnLoadAttributes (92ms)
				ProcessInitializeOnLoadMethodAttributes (31ms)
				AfterProcessingInitializeOnLoad (0ms)
				EditorAssembliesLoaded (0ms)
			ExecutionOrderSort2 (0ms)
			AwakeInstancesAfterBackupRestoration (0ms)
Platform modules already initialized, skipping
Registering precompiled user dll's ...
Registered in 0.005395 seconds.
Begin MonoManager ReloadAssembly
Native extension for WindowsStandalone target not found
Refreshing native plugins compatible for Editor in 64.14 ms, found 2 plugins.
Preloading 0 native plugins for Editor in 0.00 ms.
Mono: successfully reloaded assembly
- Completed reload, in  1.551 seconds
Domain Reload Profiling:
	ReloadAssembly (1552ms)
		BeginReloadAssembly (203ms)
			ExecutionOrderSort (0ms)
			DisableScriptedObjects (5ms)
			BackupInstance (0ms)
			ReleaseScriptingObjects (0ms)
			CreateAndSetChildDomain (25ms)
		EndReloadAssembly (1280ms)
			LoadAssemblies (151ms)
			RebuildTransferFunctionScriptingTraits (0ms)
			SetupTypeCache (428ms)
			ReleaseScriptCaches (1ms)
			RebuildScriptCaches (60ms)
			SetupLoadedEditorAssemblies (475ms)
				LogAssemblyErrors (0ms)
				InitializePlatformSupportModulesInManaged (4ms)
				SetLoadedEditorAssemblies (0ms)
				RefreshPlugins (64ms)
				BeforeProcessingInitializeOnLoad (121ms)
				ProcessInitializeOnLoadAttributes (263ms)
				ProcessInitializeOnLoadMethodAttributes (12ms)
				AfterProcessingInitializeOnLoad (10ms)
				EditorAssembliesLoaded (0ms)
			ExecutionOrderSort2 (0ms)
			AwakeInstancesAfterBackupRestoration (11ms)
Platform modules already initialized, skipping
========================================================================
Worker process is ready to serve import requests
Launched and connected shader compiler UnityShaderCompiler.exe after 0.09 seconds
Refreshing native plugins compatible for Editor in 0.61 ms, found 2 plugins.
Preloading 0 native plugins for Editor in 0.00 ms.
Unloading 3167 Unused Serialized files (Serialized files now loaded: 0)
System memory in use before: 132.8 MB.
System memory in use after: 132.9 MB.

Unloading 22 unused Assets to reduce memory usage. Loaded Objects now: 3598.
Total: 4.694300 ms (FindLiveObjects: 0.324400 ms CreateObjectMapping: 0.193200 ms MarkObjects: 4.083900 ms  DeleteObjects: 0.091600 ms)

AssetImportParameters requested are different than current active one (requested -> active):
  custom:framework-win-MediaFoundation: 216162199b28c13a410421893ffa2e32 -> 
  custom:video-decoder-ogg-theora: a1e56fd34408186e4bbccfd4996cb3dc -> 
  custom:container-muxer-webm: aa71ff27fc2769a1b78a27578f13a17b -> 
  custom:container-demuxer-webm: 4f35f7cbe854078d1ac9338744f61a02 -> 
  custom:container-demuxer-ogg: 62fdf1f143b41e24485cea50d1cbac27 -> 
  custom:video-encoder-webm-vp8: eb34c28f22e8b96e1ab97ce403110664 -> 
  custom:video-codec-MediaFoundation-h265: 746d11721c4dcdbdad8f713fa42b33f4 -> 
  custom:video-decoder-webm-vp8: 9c59270c3fd7afecdb556c50c9e8de78 -> 
  custom:audio-decoder-ogg-vorbis: bf7c407c2cedff20999df2af8eb42d56 -> 
  custom:audio-encoder-webm-vorbis: bf7c407c2cedff20999df2af8eb42d56 -> 
========================================================================
Received Import Request.
  path: Assets/Rendering
  artifactKey: Guid(0e1b0006e18d2ed44b03c1e995f0fae8) Importer(815301076,1909f56bfc062723c751e8b465ee728b)
Start importing Assets/Rendering using Guid(0e1b0006e18d2ed44b03c1e995f0fae8) Importer(815301076,1909f56bfc062723c751e8b465ee728b)  -> (artifact id: '7a280b8670305cd8afe7407b78601c30') in 0.011940 seconds 
  Import took 0.019117 seconds .

========================================================================
Received Import Request.
  Time since last request: 43.768235 seconds.
  path: Assets/Rendering/UniversalRenderPipelineAsset_Renderer.asset
  artifactKey: Guid(dda5f0baa1d2c0749b1134e70b9ecba8) Importer(815301076,1909f56bfc062723c751e8b465ee728b)
Start importing Assets/Rendering/UniversalRenderPipelineAsset_Renderer.asset using Guid(dda5f0baa1d2c0749b1134e70b9ecba8) Importer(815301076,1909f56bfc062723c751e8b465ee728b)  -> (artifact id: 'f1e3050b5eab89eca1459152bc83027d') in 0.100918 seconds 
  Import took 0.107101 seconds .

========================================================================
Received Import Request.
  Time since last request: 7.201668 seconds.
  path: Assets/Rendering/UniversalRenderPipelineAsset.asset
  artifactKey: Guid(fc4c55872d3d5754396a066d738e23c8) Importer(815301076,1909f56bfc062723c751e8b465ee728b)
Start importing Assets/Rendering/UniversalRenderPipelineAsset.asset using Guid(fc4c55872d3d5754396a066d738e23c8) Importer(815301076,1909f56bfc062723c751e8b465ee728b)  -> (artifact id: 'f5c50d06f3a8c77b5ff0727f8405bcf3') in 0.045626 seconds 
  Import took 0.051347 seconds .

========================================================================
Received Prepare
Switching render pipeline 00000000000000000000000000000000 -> fc4c55872d3d5754396a066d738e23c8
Refreshing native plugins compatible for Editor in 6.53 ms, found 2 plugins.
Preloading 0 native plugins for Editor in 0.00 ms.
Unloading 62 Unused Serialized files (Serialized files now loaded: 0)
System memory in use before: 68.7 MB.
System memory in use after: 69.0 MB.

Unloading 14 unused Assets to reduce memory usage. Loaded Objects now: 3646.
Total: 6.261400 ms (FindLiveObjects: 0.322300 ms CreateObjectMapping: 0.161600 ms MarkObjects: 5.611700 ms  DeleteObjects: 0.164600 ms)

AssetImportParameters requested are different than current active one (requested -> active):
  custom:framework-win-MediaFoundation: 216162199b28c13a410421893ffa2e32 -> 
  custom:video-decoder-ogg-theora: a1e56fd34408186e4bbccfd4996cb3dc -> 
  custom:container-muxer-webm: aa71ff27fc2769a1b78a27578f13a17b -> 
  custom:container-demuxer-webm: 4f35f7cbe854078d1ac9338744f61a02 -> 
  custom:container-demuxer-ogg: 62fdf1f143b41e24485cea50d1cbac27 -> 
  custom:video-encoder-webm-vp8: eb34c28f22e8b96e1ab97ce403110664 -> 
  custom:video-codec-MediaFoundation-h265: 746d11721c4dcdbdad8f713fa42b33f4 -> 
  custom:video-decoder-webm-vp8: 9c59270c3fd7afecdb556c50c9e8de78 -> 
  custom:audio-decoder-ogg-vorbis: bf7c407c2cedff20999df2af8eb42d56 -> 
  custom:audio-encoder-webm-vorbis: bf7c407c2cedff20999df2af8eb42d56 -> 
========================================================================
Received Import Request.
  Time since last request: 405.121399 seconds.
  path: Assets
  artifactKey: Guid(00000000000000001000000000000000) Importer(815301076,1909f56bfc062723c751e8b465ee728b)
Start importing Assets using Guid(00000000000000001000000000000000) Importer(815301076,1909f56bfc062723c751e8b465ee728b)  -> (artifact id: '42d402b061de3733987d63b9cc3b64de') in 0.007843 seconds 
  Import took 0.024979 seconds .

========================================================================
Received Import Request.
  Time since last request: 4.380599 seconds.
  path: Assets/MAterials
  artifactKey: Guid(aaf827205c84fb34aa5e80bfa95381ab) Importer(815301076,1909f56bfc062723c751e8b465ee728b)
Start importing Assets/MAterials using Guid(aaf827205c84fb34aa5e80bfa95381ab) Importer(815301076,1909f56bfc062723c751e8b465ee728b)  -> (artifact id: 'd3866e92cb71c808c71a2ac7d8d84e87') in 0.007631 seconds 
  Import took 0.022995 seconds .

========================================================================
Received Import Request.
  Time since last request: 113.334492 seconds.
  path: Assets/Scenes
  artifactKey: Guid(e11cf3267f5320f41b1f833cfe4f6402) Importer(815301076,1909f56bfc062723c751e8b465ee728b)
Start importing Assets/Scenes using Guid(e11cf3267f5320f41b1f833cfe4f6402) Importer(815301076,1909f56bfc062723c751e8b465ee728b)  -> (artifact id: '8590dd65b143aa1325ec4093a7eedd99') in 0.006495 seconds 
  Import took 0.016411 seconds .

========================================================================
Received Import Request.
  Time since last request: 5.050685 seconds.
  path: Assets/Scenes/Markers.unity
  artifactKey: Guid(066b0d138063bb64d8a437ef1f90cdb8) Importer(815301076,1909f56bfc062723c751e8b465ee728b)
Start importing Assets/Scenes/Markers.unity using Guid(066b0d138063bb64d8a437ef1f90cdb8) Importer(815301076,1909f56bfc062723c751e8b465ee728b)  -> (artifact id: '4ced1f59e9e4751dd74b21e1657bcf7f') in 0.012947 seconds 
  Import took 0.022665 seconds .

========================================================================
Received Import Request.
  Time since last request: 104.859213 seconds.
  path: Assets/trackedImages
  artifactKey: Guid(6ee37823b60f5324688fe578294de730) Importer(815301076,1909f56bfc062723c751e8b465ee728b)
Start importing Assets/trackedImages using Guid(6ee37823b60f5324688fe578294de730) Importer(815301076,1909f56bfc062723c751e8b465ee728b)  -> (artifact id: '8cfd1f51cb82a405b5bfd02f638ec1ab') in 0.006286 seconds 
  Import took 0.015921 seconds .

========================================================================
Received Import Request.
  Time since last request: 28.697039 seconds.
  path: Assets/ReferenceImageLibrary.asset
  artifactKey: Guid(e48c9dd4bc5287349ac9fd2ba8085fbf) Importer(815301076,1909f56bfc062723c751e8b465ee728b)
Start importing Assets/ReferenceImageLibrary.asset using Guid(e48c9dd4bc5287349ac9fd2ba8085fbf) Importer(815301076,1909f56bfc062723c751e8b465ee728b)  -> (artifact id: '86e35772bff7ee50e3f5ac590441c4fc') in 0.032500 seconds 
  Import took 0.041150 seconds .

========================================================================
Received Prepare
Registering precompiled user dll's ...
Registered in 0.013117 seconds.
Begin MonoManager ReloadAssembly
Native extension for WindowsStandalone target not found
Refreshing native plugins compatible for Editor in 0.61 ms, found 2 plugins.
Preloading 0 native plugins for Editor in 0.00 ms.
Mono: successfully reloaded assembly
- Completed reload, in  1.572 seconds
Domain Reload Profiling:
	ReloadAssembly (1573ms)
		BeginReloadAssembly (162ms)
			ExecutionOrderSort (0ms)
			DisableScriptedObjects (8ms)
			BackupInstance (0ms)
			ReleaseScriptingObjects (0ms)
			CreateAndSetChildDomain (61ms)
		EndReloadAssembly (1285ms)
			LoadAssemblies (133ms)
			RebuildTransferFunctionScriptingTraits (0ms)
			SetupTypeCache (560ms)
			ReleaseScriptCaches (1ms)
			RebuildScriptCaches (48ms)
			SetupLoadedEditorAssemblies (410ms)
				LogAssemblyErrors (0ms)
				InitializePlatformSupportModulesInManaged (4ms)
				SetLoadedEditorAssemblies (0ms)
				RefreshPlugins (1ms)
				BeforeProcessingInitializeOnLoad (126ms)
				ProcessInitializeOnLoadAttributes (262ms)
				ProcessInitializeOnLoadMethodAttributes (9ms)
				AfterProcessingInitializeOnLoad (8ms)
				EditorAssembliesLoaded (0ms)
			ExecutionOrderSort2 (0ms)
			AwakeInstancesAfterBackupRestoration (12ms)
Platform modules already initialized, skipping
Switching build target platform(19) subTarget(0) extendedPlatform(0) -> platform(13) subTarget(537395200) extendedPlatform(0)
Refreshing native plugins compatible for Editor in 0.59 ms, found 2 plugins.
Preloading 0 native plugins for Editor in 0.00 ms.
Unloading 3103 Unused Serialized files (Serialized files now loaded: 0)
System memory in use before: 128.6 MB.
System memory in use after: 128.8 MB.

Unloading 17 unused Assets to reduce memory usage. Loaded Objects now: 3650.
Total: 3.991800 ms (FindLiveObjects: 0.470000 ms CreateObjectMapping: 0.210800 ms MarkObjects: 3.272400 ms  DeleteObjects: 0.037500 ms)

AssetImportParameters requested are different than current active one (requested -> active):
  custom:framework-win-MediaFoundation: 216162199b28c13a410421893ffa2e32 -> 
  custom:video-decoder-ogg-theora: a1e56fd34408186e4bbccfd4996cb3dc -> 
  custom:container-muxer-webm: aa71ff27fc2769a1b78a27578f13a17b -> 
  custom:container-demuxer-webm: 4f35f7cbe854078d1ac9338744f61a02 -> 
  custom:container-demuxer-ogg: 62fdf1f143b41e24485cea50d1cbac27 -> 
  custom:video-encoder-webm-vp8: eb34c28f22e8b96e1ab97ce403110664 -> 
  custom:video-codec-MediaFoundation-h265: 746d11721c4dcdbdad8f713fa42b33f4 -> 
  custom:video-decoder-webm-vp8: 9c59270c3fd7afecdb556c50c9e8de78 -> 
  custom:graphics/normal-map-encoding: 01000000000000000000000000000000 -> 02000000000000000000000000000000
  custom:audio-decoder-ogg-vorbis: bf7c407c2cedff20999df2af8eb42d56 -> 
  custom:audio-encoder-webm-vorbis: bf7c407c2cedff20999df2af8eb42d56 -> 
========================================================================
Received Import Request.
  Time since last request: 1408.929678 seconds.
  path: Assets/marker_workshop_assets
  artifactKey: Guid(a26803691c5f6614a82749fdcc24a41d) Importer(815301076,1909f56bfc062723c751e8b465ee728b)
Start importing Assets/marker_workshop_assets using Guid(a26803691c5f6614a82749fdcc24a41d) Importer(815301076,1909f56bfc062723c751e8b465ee728b)  -> (artifact id: '572d6abf20741805fccdcdf91d925552') in 0.012800 seconds 
  Import took 0.024184 seconds .

========================================================================
Received Import Request.
  Time since last request: 3.113312 seconds.
  path: Assets/marker_workshop_assets/PrefabImagePairManager.cs
  artifactKey: Guid(34e51d67d509ac54e94e1c406cf53b31) Importer(815301076,1909f56bfc062723c751e8b465ee728b)
Start importing Assets/marker_workshop_assets/PrefabImagePairManager.cs using Guid(34e51d67d509ac54e94e1c406cf53b31) Importer(815301076,1909f56bfc062723c751e8b465ee728b)  -> (artifact id: 'f94454297143425ecdaff97ba1d2f8b8') in 0.047717 seconds 
  Import took 0.053411 seconds .

========================================================================
Received Import Request.
  Time since last request: 0.580106 seconds.
  path: Assets/marker_workshop_assets/Knight_White
  artifactKey: Guid(c9e534215538df9479f5c122c0405aab) Importer(815301076,1909f56bfc062723c751e8b465ee728b)
Start importing Assets/marker_workshop_assets/Knight_White using Guid(c9e534215538df9479f5c122c0405aab) Importer(815301076,1909f56bfc062723c751e8b465ee728b)  -> (artifact id: '641f5a9bcd80cb9c89b8c883612a0575') in 0.007046 seconds 
  Import took 0.013814 seconds .

========================================================================
Received Import Request.
  Time since last request: 1.425820 seconds.
  path: Assets/marker_workshop_assets/Markers
  artifactKey: Guid(c768aa12a7468a942a9a9276bdfbfe30) Importer(815301076,1909f56bfc062723c751e8b465ee728b)
Start importing Assets/marker_workshop_assets/Markers using Guid(c768aa12a7468a942a9a9276bdfbfe30) Importer(815301076,1909f56bfc062723c751e8b465ee728b)  -> (artifact id: 'c5ad2e318894996e6ebe5bd92a7a66f3') in 0.005240 seconds 
  Import took 0.015575 seconds .

========================================================================
Received Import Request.
  Time since last request: 1.144678 seconds.
  path: Assets/marker_workshop_assets/Markers/PATRICK.jpg
  artifactKey: Guid(1fccc69c02317834da0529735e880d7d) Importer(815301076,1909f56bfc062723c751e8b465ee728b)
Start importing Assets/marker_workshop_assets/Markers/PATRICK.jpg using Guid(1fccc69c02317834da0529735e880d7d) Importer(815301076,1909f56bfc062723c751e8b465ee728b)  -> (artifact id: '97a64bc37ad3c5aa03ff7d178565f5fd') in 0.131072 seconds 
  Import took 0.139187 seconds .

========================================================================
Received Import Request.
  Time since last request: 14.267204 seconds.
  path: Assets/trackedImages/WAYNE.jpg
  artifactKey: Guid(2f8815ded49d84144b11752716bbcfb7) Importer(815301076,1909f56bfc062723c751e8b465ee728b)
Start importing Assets/trackedImages/WAYNE.jpg using Guid(2f8815ded49d84144b11752716bbcfb7) Importer(815301076,1909f56bfc062723c751e8b465ee728b)  -> (artifact id: '32a456a0de746eb66ade2ded3c2af5d9') in 0.074889 seconds 
  Import took 0.085074 seconds .

========================================================================
Received Import Request.
  Time since last request: 190.773858 seconds.
  path: Assets/Prefabs
  artifactKey: Guid(6007448372593f649a4c266b4bfc00aa) Importer(815301076,1909f56bfc062723c751e8b465ee728b)
Start importing Assets/Prefabs using Guid(6007448372593f649a4c266b4bfc00aa) Importer(815301076,1909f56bfc062723c751e8b465ee728b)  -> (artifact id: '651c7cab5d632ad4b16dc0c592efcc86') in 0.005840 seconds 
  Import took 0.017428 seconds .

========================================================================
Received Import Request.
  Time since last request: 5.589399 seconds.
  path: Assets/Prefabs/Cube.prefab
  artifactKey: Guid(1d65c792b3d9dc243909dc0bd885adcc) Importer(815301076,1909f56bfc062723c751e8b465ee728b)
Start importing Assets/Prefabs/Cube.prefab using Guid(1d65c792b3d9dc243909dc0bd885adcc) Importer(815301076,1909f56bfc062723c751e8b465ee728b)  -> (artifact id: 'aa7cdc1a214a0a76dec19fb30b31ad92') in 0.800096 seconds 
  Import took 0.807461 seconds .

AssetImportWorkerClient::OnTransportError - code=2 error=End of file
